ERROR - 2022-10-06 06:20:42 --> Email: Unable to send email using PHP SMTP. Your server might not be configured to send mail using this method.
ERROR - 2022-10-06 06:20:42 --> 
hello: 220-niix61.idcloudhost.com ESMTP Exim 4.95 #2 Thu, 06 Oct 2022 18:20:39 +0700 
220-We do not authorize the use of this system to transport unsolicited, 
220 and/or bulk e-mail.

The following SMTP error was encountered: 220-niix61.idcloudhost.com ESMTP Exim 4.95 #2 Thu, 06 Oct 2022 18:20:39 +0700 
220-We do not authorize the use of this system to transport unsolicited, 
220 and/or bulk e-mail.

ERROR - 2022-10-06 06:41:51 --> Email: Unable to send email using PHP SMTP. Your server might not be configured to send mail using this method.
ERROR - 2022-10-06 06:41:51 --> 220-niix61.idcloudhost.com ESMTP Exim 4.95 #2 Thu, 06 Oct 2022 18:41:43 +0700 
220-We do not authorize the use of this system to transport unsolicited, 
220 and/or bulk e-mail.

hello: 250-niix61.idcloudhost.com Hello localhost [180.243.6.17]
250-SIZE 52428800
250-8BITMIME
250-PIPELINING
250-PIPE_CONNECT
250-AUTH PLAIN LOGIN
250 HELP

Failed to authenticate password. Error: 
ERROR - 2022-10-06 07:12:41 --> Email: sendWithSmtp throwed ErrorException: fsockopen(): php_network_getaddresses: getaddrinfo for mail.akuonline.my.id failed: No such host is known.  in D:\xampp\htdocs\akuonline\vendor\codeigniter4\framework\system\Email\Email.php:1863
Stack trace:
#0 [internal function]: CodeIgniter\Debug\Exceptions->errorHandler(2, 'fsockopen(): ph...', 'D:\\xampp\\htdocs...', 1863)
#1 D:\xampp\htdocs\akuonline\vendor\codeigniter4\framework\system\Email\Email.php(1863): fsockopen('tls://mail.akuo...', 465, NULL, NULL, 5)
#2 D:\xampp\htdocs\akuonline\vendor\codeigniter4\framework\system\Email\Email.php(1777): CodeIgniter\Email\Email->SMTPConnect()
#3 D:\xampp\htdocs\akuonline\vendor\codeigniter4\framework\system\Email\Email.php(1662): CodeIgniter\Email\Email->sendWithSmtp()
#4 D:\xampp\htdocs\akuonline\vendor\codeigniter4\framework\system\Email\Email.php(1560): CodeIgniter\Email\Email->spoolEmail()
#5 D:\xampp\htdocs\akuonline\app\Controllers\Home.php(23): CodeIgniter\Email\Email->send()
#6 D:\xampp\htdocs\akuonline\vendor\codeigniter4\framework\system\CodeIgniter.php(907): App\Controllers\Home->contactSendMail()
#7 D:\xampp\htdocs\akuonline\vendor\codeigniter4\framework\system\CodeIgniter.php(457): CodeIgniter\CodeIgniter->runController(Object(App\Controllers\Home))
#8 D:\xampp\htdocs\akuonline\vendor\codeigniter4\framework\system\CodeIgniter.php(340): CodeIgniter\CodeIgniter->handleRequest(NULL, Object(Config\Cache), false)
#9 D:\xampp\htdocs\akuonline\index.php(67): CodeIgniter\CodeIgniter->run()
#10 {main}
ERROR - 2022-10-06 07:12:41 --> Email: Unable to send email using PHP SMTP. Your server might not be configured to send mail using this method.
ERROR - 2022-10-06 07:12:41 --> 
ERROR - 2022-10-06 07:12:49 --> Email: sendWithSmtp throwed ErrorException: fsockopen(): php_network_getaddresses: getaddrinfo for mail.akuonline.my.id failed: No such host is known.  in D:\xampp\htdocs\akuonline\vendor\codeigniter4\framework\system\Email\Email.php:1863
Stack trace:
#0 [internal function]: CodeIgniter\Debug\Exceptions->errorHandler(2, 'fsockopen(): ph...', 'D:\\xampp\\htdocs...', 1863)
#1 D:\xampp\htdocs\akuonline\vendor\codeigniter4\framework\system\Email\Email.php(1863): fsockopen('tls://mail.akuo...', 465, NULL, NULL, 5)
#2 D:\xampp\htdocs\akuonline\vendor\codeigniter4\framework\system\Email\Email.php(1777): CodeIgniter\Email\Email->SMTPConnect()
#3 D:\xampp\htdocs\akuonline\vendor\codeigniter4\framework\system\Email\Email.php(1662): CodeIgniter\Email\Email->sendWithSmtp()
#4 D:\xampp\htdocs\akuonline\vendor\codeigniter4\framework\system\Email\Email.php(1560): CodeIgniter\Email\Email->spoolEmail()
#5 D:\xampp\htdocs\akuonline\app\Controllers\Home.php(23): CodeIgniter\Email\Email->send()
#6 D:\xampp\htdocs\akuonline\vendor\codeigniter4\framework\system\CodeIgniter.php(907): App\Controllers\Home->contactSendMail()
#7 D:\xampp\htdocs\akuonline\vendor\codeigniter4\framework\system\CodeIgniter.php(457): CodeIgniter\CodeIgniter->runController(Object(App\Controllers\Home))
#8 D:\xampp\htdocs\akuonline\vendor\codeigniter4\framework\system\CodeIgniter.php(340): CodeIgniter\CodeIgniter->handleRequest(NULL, Object(Config\Cache), false)
#9 D:\xampp\htdocs\akuonline\index.php(67): CodeIgniter\CodeIgniter->run()
#10 {main}
ERROR - 2022-10-06 07:12:49 --> Email: Unable to send email using PHP SMTP. Your server might not be configured to send mail using this method.
ERROR - 2022-10-06 07:12:49 --> 
ERROR - 2022-10-06 07:13:12 --> Email: Unable to send email using PHP SMTP. Your server might not be configured to send mail using this method.
ERROR - 2022-10-06 07:13:12 --> 220-niix61.idcloudhost.com ESMTP Exim 4.95 #2 Thu, 06 Oct 2022 19:13:05 +0700 
220-We do not authorize the use of this system to transport unsolicited, 
220 and/or bulk e-mail.

hello: 250-niix61.idcloudhost.com Hello localhost [180.243.6.17]
250-SIZE 52428800
250-8BITMIME
250-PIPELINING
250-PIPE_CONNECT
250-AUTH PLAIN LOGIN
250 HELP

Failed to authenticate password. Error: 
ERROR - 2022-10-06 07:19:50 --> Email: sendWithSmtp throwed ErrorException: fsockopen(): php_network_getaddresses: getaddrinfo for mail.akuonline.my.id failed: No such host is known.  in D:\xampp\htdocs\akuonline\vendor\codeigniter4\framework\system\Email\Email.php:1863
Stack trace:
#0 [internal function]: CodeIgniter\Debug\Exceptions->errorHandler(2, 'fsockopen(): ph...', 'D:\\xampp\\htdocs...', 1863)
#1 D:\xampp\htdocs\akuonline\vendor\codeigniter4\framework\system\Email\Email.php(1863): fsockopen('tls://mail.akuo...', 465, NULL, NULL, 5)
#2 D:\xampp\htdocs\akuonline\vendor\codeigniter4\framework\system\Email\Email.php(1777): CodeIgniter\Email\Email->SMTPConnect()
#3 D:\xampp\htdocs\akuonline\vendor\codeigniter4\framework\system\Email\Email.php(1662): CodeIgniter\Email\Email->sendWithSmtp()
#4 D:\xampp\htdocs\akuonline\vendor\codeigniter4\framework\system\Email\Email.php(1560): CodeIgniter\Email\Email->spoolEmail()
#5 D:\xampp\htdocs\akuonline\app\Controllers\Home.php(23): CodeIgniter\Email\Email->send()
#6 D:\xampp\htdocs\akuonline\vendor\codeigniter4\framework\system\CodeIgniter.php(907): App\Controllers\Home->contactSendMail()
#7 D:\xampp\htdocs\akuonline\vendor\codeigniter4\framework\system\CodeIgniter.php(457): CodeIgniter\CodeIgniter->runController(Object(App\Controllers\Home))
#8 D:\xampp\htdocs\akuonline\vendor\codeigniter4\framework\system\CodeIgniter.php(340): CodeIgniter\CodeIgniter->handleRequest(NULL, Object(Config\Cache), false)
#9 D:\xampp\htdocs\akuonline\index.php(67): CodeIgniter\CodeIgniter->run()
#10 {main}
ERROR - 2022-10-06 07:19:50 --> Email: Unable to send email using PHP SMTP. Your server might not be configured to send mail using this method.
ERROR - 2022-10-06 07:19:50 --> 
ERROR - 2022-10-06 07:21:06 --> Email: Unable to send email using PHP SMTP. Your server might not be configured to send mail using this method.
ERROR - 2022-10-06 07:21:06 --> 220-niix61.idcloudhost.com ESMTP Exim 4.95 #2 Thu, 06 Oct 2022 19:20:58 +0700 
220-We do not authorize the use of this system to transport unsolicited, 
220 and/or bulk e-mail.

hello: 250-niix61.idcloudhost.com Hello localhost [180.243.6.17]
250-SIZE 52428800
250-8BITMIME
250-PIPELINING
250-PIPE_CONNECT
250-AUTH PLAIN LOGIN
250 HELP

Failed to authenticate password. Error: 
ERROR - 2022-10-06 07:58:06 --> Email: Unable to send email using PHP SMTP. Your server might not be configured to send mail using this method.
ERROR - 2022-10-06 07:58:06 --> 220-niix61.idcloudhost.com ESMTP Exim 4.95 #2 Thu, 06 Oct 2022 19:57:59 +0700 
220-We do not authorize the use of this system to transport unsolicited, 
220 and/or bulk e-mail.

hello: 250-niix61.idcloudhost.com Hello localhost [180.243.6.17]
250-SIZE 52428800
250-8BITMIME
250-PIPELINING
250-PIPE_CONNECT
250-AUTH PLAIN LOGIN
250 HELP

Failed to authenticate password. Error: 
ERROR - 2022-10-06 08:00:39 --> Email: Unable to send email using PHP SMTP. Your server might not be configured to send mail using this method.
ERROR - 2022-10-06 08:00:39 --> 220-niix61.idcloudhost.com ESMTP Exim 4.95 #2 Thu, 06 Oct 2022 20:00:31 +0700 
220-We do not authorize the use of this system to transport unsolicited, 
220 and/or bulk e-mail.

hello: 250-niix61.idcloudhost.com Hello localhost [180.243.6.17]
250-SIZE 52428800
250-8BITMIME
250-PIPELINING
250-PIPE_CONNECT
250-AUTH PLAIN LOGIN
250 HELP

Failed to authenticate password. Error: 
